<?xml version="1.0" encoding="UTF-8"?>
<!-- Generated by org.testng.reporters.JUnitReportReporter -->
<testsuite hostname="WINDOWS-33PFONA" failures="0" tests="1" name="loginTest.LoginTestCase" time="29.911" errors="0" timestamp="2022-07-13T14:49:09 IST" skipped="0">
  <testcase classname="loginTest.LoginTestCase" name="LoginTc" time="29.911"/>
  <system-out/>
</testsuite> <!-- loginTest.LoginTestCase -->
