<?xml version="1.0" encoding="UTF-8"?>
<!-- Generated by org.testng.reporters.JUnitReportReporter -->
<testsuite hostname="WINDOWS-33PFONA" failures="0" tests="1" name="loginTest.LoginTestCase" time="15.350" errors="0" timestamp="2022-07-13T13:00:12 IST" skipped="0">
  <testcase classname="loginTest.LoginTestCase" name="LoginTc" time="15.350"/>
  <system-out/>
</testsuite> <!-- loginTest.LoginTestCase -->
