<?xml version="1.0" encoding="UTF-8"?>
<!-- Generated by org.testng.reporters.JUnitReportReporter -->
<testsuite hostname="WINDOWS-33PFONA" failures="0" tests="1" name="one.TestOne" time="9.195" errors="0" timestamp="2022-07-10T08:33:00 IST" skipped="0">
  <testcase classname="one.TestOne" name="launchApp" time="9.195"/>
  <system-out/>
</testsuite> <!-- one.TestOne -->
