<?xml version="1.0" encoding="UTF-8"?>
<!-- Generated by org.testng.reporters.JUnitReportReporter -->
<testsuite hostname="WINDOWS-33PFONA" failures="0" tests="1" name="com.myproject.loginTest.LoginTestCase" time="11.214" errors="0" timestamp="2022-07-17T17:20:16 IST" skipped="0">
  <testcase classname="com.myproject.loginTest.LoginTestCase" name="LoginTc" time="11.214"/>
  <system-out/>
</testsuite> <!-- com.myproject.loginTest.LoginTestCase -->
