<?xml version="1.0" encoding="UTF-8"?>
<!-- Generated by org.testng.reporters.JUnitReportReporter -->
<testsuite hostname="WINDOWS-33PFONA" failures="0" tests="1" name="com.myproject.loginTest.AddPatientDetails" time="33.481" errors="0" timestamp="2022-07-28T19:23:53 IST" skipped="0">
  <testcase classname="com.myproject.loginTest.AddPatientDetails" name="addpatientDetails" time="33.481"/>
  <system-out/>
</testsuite> <!-- com.myproject.loginTest.AddPatientDetails -->
